<?xml version="1.0" encoding="UTF-8"?>
<!-- Generated by org.testng.reporters.JUnitReportReporter -->
<testsuite hostname="Jarvis" failures="0" tests="1" name="com.qa.opencart.tests.LoginPageTests" time="0.026" errors="0" timestamp="04 May 2023 08:51:20 GMT" skipped="0">
  <testcase classname="com.qa.opencart.tests.LoginPageTests" name="loginPageTitleTest" time="0.026"/>
</testsuite> <!-- com.qa.opencart.tests.LoginPageTests -->
